<?xml version="1.0" encoding="UTF-8"?>
<testsuite name="br.com.linketinder.dominio.TipoUsuarioTest" tests="2" skipped="0" failures="0" errors="0" timestamp="2025-09-25T20:52:30.025Z" hostname="MacBook-Pro-de-Nathalia.local" time="0.008">
  <properties/>
  <testcase name="deve enumerar tipos de usuário corretamente" classname="br.com.linketinder.dominio.TipoUsuarioTest" time="0.007"/>
  <testcase name="deve permitir uso do tipo em outras classes" classname="br.com.linketinder.dominio.TipoUsuarioTest" time="0.0"/>
  <system-out><![CDATA[]]></system-out>
  <system-err><![CDATA[]]></system-err>
</testsuite>
