<?xml version="1.0" encoding="UTF-8"?>
<testsuite name="br.com.linketinder.servico.SistemaMatchTest" tests="2" skipped="0" failures="0" errors="0" timestamp="2025-09-25T20:52:30.068Z" hostname="MacBook-Pro-de-Nathalia.local" time="0.017">
  <properties/>
  <testcase name="deve registrar match recíproco entre candidato e empresa" classname="br.com.linketinder.servico.SistemaMatchTest" time="0.008"/>
  <testcase name="deve listar matches corretamente" classname="br.com.linketinder.servico.SistemaMatchTest" time="0.009"/>
  <system-out><![CDATA[]]></system-out>
  <system-err><![CDATA[]]></system-err>
</testsuite>
