<?xml version="1.0" encoding="UTF-8"?>
<testsuite name="br.com.linketinder.dominio.EmpresaTest" tests="4" skipped="0" failures="0" errors="0" timestamp="2025-09-25T20:52:30.016Z" hostname="MacBook-Pro-de-Nathalia.local" time="0.006">
  <properties/>
  <testcase name="deve criar empresa corretamente" classname="br.com.linketinder.dominio.EmpresaTest" time="0.0"/>
  <testcase name="deve retornar perfil público corretamente" classname="br.com.linketinder.dominio.EmpresaTest" time="0.002"/>
  <testcase name="deve retornar dados pessoais corretamente" classname="br.com.linketinder.dominio.EmpresaTest" time="0.001"/>
  <testcase name="deve comparar empresas por id" classname="br.com.linketinder.dominio.EmpresaTest" time="0.001"/>
  <system-out><![CDATA[]]></system-out>
  <system-err><![CDATA[]]></system-err>
</testsuite>
